1643478748418	geckodriver	INFO	Listening on 127.0.0.1:50911
1643478751449	mozrunner::runner	INFO	Running command: "C:\\Program Files\\Mozilla Firefox\\firefox.exe" "--marionette" "--remote-debugging-port" "50912" "-no-remote" "-profile" "C:\\Users\\Vishant\\AppData\\Local\\Temp\\rust_mozprofileB2FPyd"
1643478752654	Marionette	INFO	Marionette enabled
console.warn: SearchSettings: "get: No settings file exists, new profile?" (new NotFoundError("Could not open the file at C:\\Users\\Vishant\\AppData\\Local\\Temp\\rust_mozprofileB2FPyd\\search.json.mozlz4", (void 0)))
DevTools listening on ws://localhost:50912/devtools/browser/cfb8edb7-11fb-46c9-bdc2-97acbabea49a
1643478756634	Marionette	INFO	Listening on port 50917
1643478756771	RemoteAgent	WARN	TLS certificate errors will be ignored for this session
IPDL protocol error: Handler returned error code!

###!!! [Parent][DispatchAsyncMessage] Error: PClientManager::Msg_ExpectFutureClientSource Processing error: message was deserialized, but the handler returned false (indicating failure)

IPDL protocol error: Handler returned error code!

###!!! [Parent][DispatchAsyncMessage] Error: PClientManager::Msg_ForgetFutureClientSource Processing error: message was deserialized, but the handler returned false (indicating failure)

1643478840708	Marionette	INFO	Stopped listening on port 50917
!!! error running onStopped callback: TypeError: callback is not a function

###!!! [Child][RunMessage] Error: Channel closing: too late to send/recv, messages will be lost

\Users\\Vishant\\AppData\\Local\\Temp\\rust_mozprofilefoXTrp"
1643478834089	Marionette	INFO	Marionette enabled
console.warn: SearchSettings: "get: No settings file exists, new profile?" (new NotFoundError("Could not open the file at C:\\Users\\Vishant\\AppData\\Local\\Temp\\rust_mozprofilefoXTrp\\search.json.mozlz4", (void 0)))
DevTools listening on ws://localhost:53262/devtools/browser/6f1fce9e-8d73-4bf4-bc29-8dbdeaef7976
1643478838458	Marionette	INFO	Listening on port 53267
1643478838787	RemoteAgent	WARN	TLS certificate errors will be ignored for this session
1643478850574	Marionette	INFO	Stopped listening on port 53267
console.warn: TopSitesFeed: Failed to fetch data from Contile server: NetworkError when attempting to fetch resource.
1643478855210	geckodriver	INFO	Listening on 127.0.0.1:53320
1643478858250	mozrunner::runner	INFO	Running command: "C:\\Program Files\\Mozilla Firefox\\firefox.exe" "--marionette" "--remote-debugging-port" "53321" "-no-remote" "-profile" "C:\\Users\\Vishant\\AppData\\Local\\Temp\\rust_mozprofileVBPxlQ"
1643478858709	Marionette	INFO	Marionette enabled
console.warn: SearchSettings: "get: No settings file exists, new profile?" (new NotFoundError("Could not open the file at C:\\Users\\Vishant\\AppData\\Local\\Temp\\rust_mozprofileVBPxlQ\\search.json.mozlz4", (void 0)))
DevTools listening on ws://localhost:53321/devtools/browser/bc33caab-8e82-46b5-a436-9dc04e8400d8
1643478861747	Marionette	INFO	Listening on port 53326
1643478861940	RemoteAgent	WARN	TLS certificate errors will be ignored for this session
IPDL protocol error: Handler returned error code!

###!!! [Parent][DispatchAsyncMessage] Error: PClientManager::Msg_ExpectFutureClientSource Processing error: message was deserialized, but the handler returned false (indicating failure)

IPDL protocol error: Handler returned error code!

###!!! [Parent][DispatchAsyncMessage] Error: PClientManager::Msg_ForgetFutureClientSource Processing error: message was deserialized, but the handler returned false (indicating failure)

JavaScript error: https://www.instagram.com/p/CZUrZCKlwwe/, line 53: TypeError: window.__bufferedErrors is undefined
JavaScript error: https://www.instagram.com/p/CZUrZCKlwwe/, line 53: TypeError: window.__bufferedErrors is undefined
1643479091958	Marionette	INFO	Stopped listening on port 53326

###!!! [Child][RunMessage] Error: Channel closing: too late to send/recv, messages will be lost


###!!! [Child][RunMessage] Error: Channel closing: too late to send/recv, messages will be lost


###!!! [Child][MessageChannel] Error: (msgtype=0x390147,name=PContent::Msg_ScriptError) Channel closing: too late to send/recv, messages will be lost


###!!! [Child][MessageChannel] Error: (msgtype=0xAA0006,name=PWebSocket::Msg_DeleteSelf) Channel closing: too late to send/recv, messages will be lost

1643479096496	geckodriver	INFO	Listening on 127.0.0.1:53433
1643479099535	mozrunner::runner	INFO	Running command: "C:\\Program Files\\Mozilla Firefox\\firefox.exe" "--marionette" "--remote-debugging-port" "53434" "-no-remote" "-profile" "C:\\Users\\Vishant\\AppData\\Local\\Temp\\rust_mozprofilenc2AJT"
1643479100115	Marionette	INFO	Marionette enabled
console.warn: SearchSettings: "get: No settings file exists, new profile?" (new NotFoundError("Could not open the file at C:\\Users\\Vishant\\AppData\\Local\\Temp\\rust_mozprofilenc2AJT\\search.json.mozlz4", (void 0)))
DevTools listening on ws://localhost:53434/devtools/browser/82807dfd-a01d-442d-bb76-8a35d2549a03
1643479103614	Marionette	INFO	Listening on port 53439
1643479129625	Marionette	INFO	Stopped listening on port 53439
console.warn: TopSitesFeed: Failed to fetch data from Contile server: NetworkError when attempting to fetch resource.
remote-debugging-port" "53491" "-no-remote" "-profile" "C:\\Users\\Vishant\\AppData\\Local\\Temp\\rust_mozprofileXtF9bm"
1643479118403	Marionette	INFO	Marionette enabled
console.warn: SearchSettings: "get: No settings file exists, new profile?" (new NotFoundError("Could not open the file at C:\\Users\\Vishant\\AppData\\Local\\Temp\\rust_mozprofileXtF9bm\\search.json.mozlz4", (void 0)))
DevTools listening on ws://localhost:53491/devtools/browser/1c974a46-0443-4077-ab60-83129f59dc21
1643479121161	Marionette	INFO	Listening on port 53497
1643479121619	RemoteAgent	WARN	TLS certificate errors will be ignored for this session
IPDL protocol error: Handler returned error code!

###!!! [Parent][DispatchAsyncMessage] Error: PClientManager::Msg_ExpectFutureClientSource Processing error: message was deserialized, but the handler returned false (indicating failure)

IPDL protocol error: Handler returned error code!

###!!! [Parent][DispatchAsyncMessage] Error: PClientManager::Msg_ForgetFutureClientSource Processing error: message was deserialized, but the handler returned false (indicating failure)

JavaScript error: https://www.instagram.com/p/CZUqnpBvrmW/, line 56: TypeError: window.__bufferedErrors is undefined
JavaScript error: https://www.instagram.com/p/CZUqnpBvrmW/, line 56: TypeError: window.__bufferedErrors is undefined
[Child 23580, MediaDecoderStateMachine #1] WARNING: 22b50671e40 Could not set cubeb stream name.: file /builds/worker/checkouts/gecko/dom/media/AudioStream.cpp:367
[Child 23580, MediaDecoderStateMachine #1] WARNING: 22b517b5c80 Could not set cubeb stream name.: file /builds/worker/checkouts/gecko/dom/media/AudioStream.cpp:367
[Child 23580, MediaDecoderStateMachine #1] WARNING: 22b51d7d2e0 Could not set cubeb stream name.: file /builds/worker/checkouts/gecko/dom/media/AudioStream.cpp:367
[Child 23580, MediaDecoderStateMachine #1] WARNING: 22b517b5ba0 Could not set cubeb stream name.: file /builds/worker/checkouts/gecko/dom/media/AudioStream.cpp:367
[Child 23580, MediaDecoderStateMachine #1] WARNING: 22b50629740 Could not set cubeb stream name.: file /builds/worker/checkouts/gecko/dom/media/AudioStream.cpp:367
[Child 23580, MediaDecoderStateMachine #1] WARNING: 22b50629740 Could not set cubeb stream name.: file /builds/worker/checkouts/gecko/dom/media/AudioStream.cpp:367
JavaScript error: resource://gre/actors/AudioPlaybackParent.jsm, line 24: TypeError: browser is null
1643479243650	Marionette	INFO	Stopped listening on port 53497

###!!! [Child][MessageChannel] Error: (msgtype=0x590004,name=PHttpChannel::Msg_Cancel) Channel closing: too late to send/recv, messages will be lost


###!!! [Child][MessageChannel] Error: (msgtype=0x590008,name=PHttpChannel::Msg_DeletingChannel) Channel closing: too late to send/recv, messages will be lost


###!!! [Child][MessageChannel] Error: (msgtype=0x590004,name=PHttpChannel::Msg_Cancel) Channel closing: too late to send/recv, messages will be lost


###!!! [Child][MessageChannel] Error: (msgtype=0x590008,name=PHttpChannel::Msg_DeletingChannel) Channel closing: too late to send/recv, messages will be lost


###!!! [Child][MessageChannel] Error: (msgtype=0x590004,name=PHttpChannel::Msg_Cancel) Channel closing: too late to send/recv, messages will be lost


###!!! [Child][MessageChannel] Error: (msgtype=0x590008,name=PHttpChannel::Msg_DeletingChannel) Channel closing: too late to send/recv, messages will be lost


###!!! [Child][MessageChannel] Error: (msgtype=0x590004,name=PHttpChannel::Msg_Cancel) Channel closing: too late to send/recv, messages will be lost


###!!! [Child][MessageChannel] Error: (msgtype=0x590008,name=PHttpChannel::Msg_DeletingChannel) Channel closing: too late to send/recv, messages will be lost

